<?xml version="1.0" encoding="UTF-8"?>
<!-- Generated by org.testng.reporters.JUnitReportReporter -->
<testsuite hostname="Poonam-6" failures="0" tests="1" name="DWS.Task2_FillFacebookDetails" time="9.999" errors="0" timestamp="2024-08-08T16:46:02 IST" skipped="0">
  <testcase classname="DWS.Task2_FillFacebookDetails" name="signUpSocialMedia" time="9.999"/>
</testsuite> <!-- DWS.Task2_FillFacebookDetails -->
