<?xml version="1.0" encoding="UTF-8"?>
<!-- Generated by org.testng.reporters.JUnitReportReporter -->
<testsuite hostname="Poonam-6" failures="0" tests="1" name="DWS.Task5_RemoveHighestPriceProduct" time="10.677" errors="0" timestamp="2024-08-08T16:48:45 IST" skipped="0">
  <testcase classname="DWS.Task5_RemoveHighestPriceProduct" name="highestPrice" time="10.677"/>
</testsuite> <!-- DWS.Task5_RemoveHighestPriceProduct -->
